<?xml version="1.0" encoding="UTF-8"?>
<!-- Generated by org.testng.reporters.JUnitReportReporter -->
<testsuite hostname="LAPTOP-CJ3A60D9" failures="0" tests="1" name="com.Actitim.TestScripts.Task" time="16.333" errors="0" timestamp="2023-08-07T08:57:08 IST" skipped="0">
  <testcase classname="com.Actitim.TestScripts.Task" name="createcustomer" time="16.333"/>
  <system-out/>
</testsuite> <!-- com.Actitim.TestScripts.Task -->
